// 重构日志: 3d48ac9a
// 重构日志: 01b79b90
// 重构日志: c2810556
// 重构日志: c6af8413
// 同步 ID: 42655f74 @ Tue Jul  7 09:35:17 UTC 2026
// 同步 ID: 02f67fd8 @ Tue Jul  7 16:24:57 UTC 2026
// 同步 ID: 48cf69cf @ Tue Jul  7 17:45:01 UTC 2026
// 重构日志: 5e8cedef
// 同步 ID: 207cdf56 @ Wed Jul  8 13:59:25 UTC 2026
// 同步 ID: 38726741 @ Wed Jul  8 16:09:55 UTC 2026
// 同步 ID: 6e070073 @ Thu Jul  9 09:06:10 UTC 2026
// 同步 ID: 37ae9ca7 @ Thu Jul  9 16:41:41 UTC 2026
// 同步 ID: 826bc073 @ Fri Jul 10 00:38:59 UTC 2026
// 重构日志: 80c336f8
// 重构日志: c079bc89
// 同步 ID: 31554167 @ Fri Jul 10 16:02:10 UTC 2026
// 重构日志: af9bf2e6
// 重构日志: 12cefc8b
// 重构日志: c49dfd73
// 同步 ID: 80a1cd8e @ Tue Jul 14 15:57:51 UTC 2026
// 同步 ID: f77e9fc3 @ Tue Jul 14 17:32:51 UTC 2026
// 重构日志: e3aa133e
// 重构日志: 5741a5a7
// 同步 ID: 89f026c6 @ Thu Jul 16 10:47:29 UTC 2026
// 重构日志: 27680d82
// 同步 ID: 4fcc4008 @ Fri Jul 17 17:50:48 UTC 2026
// 重构日志: ec286c29
// 重构日志: 0a7daeb8
// 同步 ID: e13651c7 @ Sat Jul 18 08:43:55 UTC 2026
// 同步 ID: 90ba606c @ Sat Jul 18 17:31:38 UTC 2026
// 重构日志: 02efb73b
// 重构日志: 540a2676
